2022-07-24 13:00:26,722 [Worker-3: Loading available Gradle versions] INFO  o.e.b.c.i.u.g.PublishedGradleVersions - Gradle version information cache is up-to-date. Trying to read.
2022-07-28 10:27:51,829 [Worker-1: Loading available Gradle versions] INFO  o.e.b.c.i.u.g.PublishedGradleVersions - Gradle version information cache is out-of-date. Trying to update.
2022-07-31 12:49:25,161 [Worker-506: Creating project "employee-hibernante-soap"] INFO  o.e.m.c.i.l.LifecycleMappingFactory - Using org.eclipse.m2e.jdt.JarLifecycleMapping lifecycle mapping for MavenProject: mx.com.proyecti:employee-hibernante-soap:0.0.1-SNAPSHOT @ C:\Users\vic_o\grupo-julio-2022\employee-hibernante-soap\pom.xml.
2022-07-31 12:49:25,846 [Worker-506: Creating project "employee-hibernante-soap"] INFO  o.e.m.j.i.AbstractJavaProjectConfigurator - Adding source folder /employee-hibernante-soap/src/main/java
2022-07-31 12:49:25,850 [Worker-506: Creating project "employee-hibernante-soap"] INFO  o.e.m.j.i.AbstractJavaProjectConfigurator - Adding resource folder /employee-hibernante-soap/src/main/resources
2022-07-31 12:49:25,850 [Worker-506: Creating project "employee-hibernante-soap"] INFO  o.e.m.j.i.AbstractJavaProjectConfigurator - Adding source folder /employee-hibernante-soap/src/test/java
2022-07-31 12:49:25,850 [Worker-506: Creating project "employee-hibernante-soap"] INFO  o.e.m.j.i.AbstractJavaProjectConfigurator - Adding resource folder /employee-hibernante-soap/src/test/resources
2022-07-31 12:49:26,661 [Worker-506: Building] WARN  o.e.m.c.i.embedder.EclipseLogger - Using platform encoding (Cp1252 actually) to copy filtered resources, i.e. build is platform dependent!
2022-07-31 12:49:26,671 [Worker-506: Building] INFO  o.e.m.c.i.embedder.EclipseLogger - Copying 0 resource
2022-07-31 12:49:26,674 [Worker-506: Building] WARN  o.e.m.c.i.embedder.EclipseLogger - Using platform encoding (Cp1252 actually) to copy filtered resources, i.e. build is platform dependent!
2022-07-31 12:49:26,676 [Worker-506: Building] INFO  o.e.m.c.i.embedder.EclipseLogger - Copying 0 resource
2022-07-31 13:04:56,719 [Worker-517: Building] INFO  o.e.m.c.i.l.LifecycleMappingFactory - Using org.eclipse.m2e.jdt.JarLifecycleMapping lifecycle mapping for MavenProject: mx.com.proyecti:employee-hibernante-soap:0.0.1-SNAPSHOT @ C:\Users\vic_o\grupo-julio-2022\employee-hibernante-soap\pom.xml.
2022-07-31 13:04:56,731 [Worker-517: Building] WARN  o.a.m.r.i.DefaultArtifactDescriptorReader - The artifact org.hibernate:hibernate-core:jar:6.0.0.Final has been relocated to org.hibernate.orm:hibernate-core:jar:6.0.0.Final
2022-07-31 13:04:57,223 [Worker-517: Building] WARN  o.e.m.c.i.embedder.EclipseLogger - Using platform encoding (Cp1252 actually) to copy filtered resources, i.e. build is platform dependent!
2022-07-31 13:04:57,227 [Worker-517: Building] INFO  o.e.m.c.i.embedder.EclipseLogger - Copying 0 resource
2022-07-31 13:04:57,232 [Worker-517: Building] WARN  o.e.m.c.i.embedder.EclipseLogger - Using platform encoding (Cp1252 actually) to copy filtered resources, i.e. build is platform dependent!
2022-07-31 13:04:57,234 [Worker-517: Building] INFO  o.e.m.c.i.embedder.EclipseLogger - Copying 0 resource
2022-07-31 13:04:58,785 [Worker-515: Building] WARN  o.a.m.r.i.DefaultArtifactDescriptorReader - The artifact org.hibernate:hibernate-core:jar:6.0.0.Final has been relocated to org.hibernate.orm:hibernate-core:jar:6.0.0.Final
2022-07-31 13:04:58,916 [Worker-515: Building] WARN  o.e.m.c.i.embedder.EclipseLogger - Using platform encoding (Cp1252 actually) to copy filtered resources, i.e. build is platform dependent!
2022-07-31 13:04:58,920 [Worker-515: Building] INFO  o.e.m.c.i.embedder.EclipseLogger - Copying 0 resource
2022-07-31 13:04:58,921 [Worker-515: Building] WARN  o.e.m.c.i.embedder.EclipseLogger - Using platform encoding (Cp1252 actually) to copy filtered resources, i.e. build is platform dependent!
2022-07-31 13:04:58,923 [Worker-515: Building] INFO  o.e.m.c.i.embedder.EclipseLogger - Copying 0 resource
2022-07-31 13:07:49,561 [Worker-515: Loading pom.xml] WARN  o.a.m.r.i.DefaultArtifactDescriptorReader - The artifact org.hibernate:hibernate-core:jar:6.0.0.Final has been relocated to org.hibernate.orm:hibernate-core:jar:6.0.0.Final
2022-07-31 13:10:26,230 [Worker-513: Building] INFO  o.e.m.c.i.l.LifecycleMappingFactory - Using org.eclipse.m2e.jdt.JarLifecycleMapping lifecycle mapping for MavenProject: mx.com.proyecti:employee-hibernante-soap:0.0.1-SNAPSHOT @ C:\Users\vic_o\grupo-julio-2022\employee-hibernante-soap\pom.xml.
2022-07-31 13:10:26,233 [Worker-513: Building] WARN  o.a.m.r.i.DefaultArtifactDescriptorReader - The artifact org.hibernate:hibernate-core:jar:6.0.0.Final has been relocated to org.hibernate.orm:hibernate-core:jar:6.0.0.Final
2022-07-31 13:10:26,441 [Worker-515: Loading pom.xml] WARN  o.a.m.r.i.DefaultArtifactDescriptorReader - The artifact org.hibernate:hibernate-core:jar:6.0.0.Final has been relocated to org.hibernate.orm:hibernate-core:jar:6.0.0.Final
2022-07-31 13:10:26,559 [Worker-513: Building] WARN  o.e.m.c.i.embedder.EclipseLogger - Using platform encoding (Cp1252 actually) to copy filtered resources, i.e. build is platform dependent!
2022-07-31 13:10:26,562 [Worker-515: Loading pom.xml] WARN  o.a.m.r.i.DefaultArtifactDescriptorReader - The artifact org.hibernate:hibernate-core:jar:6.0.0.Final has been relocated to org.hibernate.orm:hibernate-core:jar:6.0.0.Final
2022-07-31 13:10:26,564 [Worker-513: Building] INFO  o.e.m.c.i.embedder.EclipseLogger - Copying 0 resource
2022-07-31 13:10:26,567 [Worker-513: Building] WARN  o.e.m.c.i.embedder.EclipseLogger - Using platform encoding (Cp1252 actually) to copy filtered resources, i.e. build is platform dependent!
2022-07-31 13:10:26,568 [Worker-513: Building] INFO  o.e.m.c.i.embedder.EclipseLogger - Copying 0 resource
2022-07-31 13:10:28,095 [Worker-513: Building] WARN  o.e.m.c.i.embedder.EclipseLogger - Using platform encoding (Cp1252 actually) to copy filtered resources, i.e. build is platform dependent!
2022-07-31 13:10:28,097 [Worker-513: Building] INFO  o.e.m.c.i.embedder.EclipseLogger - Copying 0 resource
2022-07-31 13:10:28,112 [Worker-513: Building] WARN  o.e.m.c.i.embedder.EclipseLogger - Using platform encoding (Cp1252 actually) to copy filtered resources, i.e. build is platform dependent!
2022-07-31 13:10:28,113 [Worker-513: Building] INFO  o.e.m.c.i.embedder.EclipseLogger - Copying 0 resource
2022-07-31 13:59:16,864 [Worker-525: Building] WARN  o.e.m.c.i.embedder.EclipseLogger - Using platform encoding (Cp1252 actually) to copy filtered resources, i.e. build is platform dependent!
2022-07-31 13:59:16,865 [Worker-525: Building] INFO  o.e.m.c.i.embedder.EclipseLogger - Copying 0 resource
2022-07-31 13:59:16,866 [Worker-525: Building] WARN  o.e.m.c.i.embedder.EclipseLogger - Using platform encoding (Cp1252 actually) to copy filtered resources, i.e. build is platform dependent!
2022-07-31 13:59:16,867 [Worker-525: Building] INFO  o.e.m.c.i.embedder.EclipseLogger - Copying 0 resource
2022-07-31 13:59:47,120 [Worker-528: Building] WARN  o.e.m.c.i.embedder.EclipseLogger - Using platform encoding (Cp1252 actually) to copy filtered resources, i.e. build is platform dependent!
2022-07-31 13:59:47,122 [Worker-528: Building] INFO  o.e.m.c.i.embedder.EclipseLogger - Copying 0 resource
2022-07-31 13:59:47,123 [Worker-528: Building] WARN  o.e.m.c.i.embedder.EclipseLogger - Using platform encoding (Cp1252 actually) to copy filtered resources, i.e. build is platform dependent!
2022-07-31 13:59:47,124 [Worker-528: Building] INFO  o.e.m.c.i.embedder.EclipseLogger - Copying 0 resource
2022-07-31 14:00:22,696 [Worker-528: Building] WARN  o.e.m.c.i.embedder.EclipseLogger - Using platform encoding (Cp1252 actually) to copy filtered resources, i.e. build is platform dependent!
2022-07-31 14:00:22,699 [Worker-528: Building] INFO  o.e.m.c.i.embedder.EclipseLogger - Copying 0 resource
2022-07-31 14:00:22,701 [Worker-528: Building] WARN  o.e.m.c.i.embedder.EclipseLogger - Using platform encoding (Cp1252 actually) to copy filtered resources, i.e. build is platform dependent!
2022-07-31 14:00:22,703 [Worker-528: Building] INFO  o.e.m.c.i.embedder.EclipseLogger - Copying 0 resource
2022-07-31 14:03:25,715 [Worker-528: Building] WARN  o.e.m.c.i.embedder.EclipseLogger - Using platform encoding (Cp1252 actually) to copy filtered resources, i.e. build is platform dependent!
2022-07-31 14:03:25,716 [Worker-528: Building] INFO  o.e.m.c.i.embedder.EclipseLogger - Copying 0 resource
2022-07-31 14:03:25,717 [Worker-528: Building] WARN  o.e.m.c.i.embedder.EclipseLogger - Using platform encoding (Cp1252 actually) to copy filtered resources, i.e. build is platform dependent!
2022-07-31 14:03:25,718 [Worker-528: Building] INFO  o.e.m.c.i.embedder.EclipseLogger - Copying 0 resource
2022-07-31 14:05:37,058 [Worker-528: Building] WARN  o.e.m.c.i.embedder.EclipseLogger - Using platform encoding (Cp1252 actually) to copy filtered resources, i.e. build is platform dependent!
2022-07-31 14:05:37,060 [Worker-528: Building] INFO  o.e.m.c.i.embedder.EclipseLogger - Copying 0 resource
2022-07-31 14:05:37,061 [Worker-528: Building] WARN  o.e.m.c.i.embedder.EclipseLogger - Using platform encoding (Cp1252 actually) to copy filtered resources, i.e. build is platform dependent!
2022-07-31 14:05:37,062 [Worker-528: Building] INFO  o.e.m.c.i.embedder.EclipseLogger - Copying 0 resource
2022-07-31 14:15:36,638 [Worker-529: Building] WARN  o.e.m.c.i.embedder.EclipseLogger - Using platform encoding (Cp1252 actually) to copy filtered resources, i.e. build is platform dependent!
2022-07-31 14:15:36,639 [Worker-529: Building] INFO  o.e.m.c.i.embedder.EclipseLogger - Copying 0 resource
2022-07-31 14:15:36,641 [Worker-529: Building] WARN  o.e.m.c.i.embedder.EclipseLogger - Using platform encoding (Cp1252 actually) to copy filtered resources, i.e. build is platform dependent!
2022-07-31 14:15:36,642 [Worker-529: Building] INFO  o.e.m.c.i.embedder.EclipseLogger - Copying 0 resource
2022-07-31 14:18:41,068 [Worker-527: Building] WARN  o.e.m.c.i.embedder.EclipseLogger - Using platform encoding (Cp1252 actually) to copy filtered resources, i.e. build is platform dependent!
2022-07-31 14:18:41,070 [Worker-527: Building] INFO  o.e.m.c.i.embedder.EclipseLogger - Copying 0 resource
2022-07-31 14:18:41,072 [Worker-527: Building] WARN  o.e.m.c.i.embedder.EclipseLogger - Using platform encoding (Cp1252 actually) to copy filtered resources, i.e. build is platform dependent!
2022-07-31 14:18:41,073 [Worker-527: Building] INFO  o.e.m.c.i.embedder.EclipseLogger - Copying 0 resource
2022-07-31 14:26:54,726 [Worker-536: Building] WARN  o.e.m.c.i.embedder.EclipseLogger - Using platform encoding (Cp1252 actually) to copy filtered resources, i.e. build is platform dependent!
2022-07-31 14:26:54,729 [Worker-536: Building] INFO  o.e.m.c.i.embedder.EclipseLogger - Copying 1 resource
2022-07-31 14:26:54,738 [Worker-536: Building] WARN  o.e.m.c.i.embedder.EclipseLogger - Using platform encoding (Cp1252 actually) to copy filtered resources, i.e. build is platform dependent!
2022-07-31 14:26:54,738 [Worker-536: Building] INFO  o.e.m.c.i.embedder.EclipseLogger - Copying 0 resource
2022-07-31 14:30:21,326 [Worker-538: Building] WARN  o.e.m.c.i.embedder.EclipseLogger - Using platform encoding (Cp1252 actually) to copy filtered resources, i.e. build is platform dependent!
2022-07-31 14:30:21,328 [Worker-538: Building] INFO  o.e.m.c.i.embedder.EclipseLogger - Copying 1 resource
2022-07-31 14:30:21,329 [Worker-538: Building] WARN  o.e.m.c.i.embedder.EclipseLogger - Using platform encoding (Cp1252 actually) to copy filtered resources, i.e. build is platform dependent!
2022-07-31 14:30:21,330 [Worker-538: Building] INFO  o.e.m.c.i.embedder.EclipseLogger - Copying 0 resource
2022-07-31 14:32:56,419 [Worker-540: Building] WARN  o.e.m.c.i.embedder.EclipseLogger - Using platform encoding (Cp1252 actually) to copy filtered resources, i.e. build is platform dependent!
2022-07-31 14:32:56,420 [Worker-540: Building] INFO  o.e.m.c.i.embedder.EclipseLogger - Copying 1 resource
2022-07-31 14:32:56,422 [Worker-540: Building] WARN  o.e.m.c.i.embedder.EclipseLogger - Using platform encoding (Cp1252 actually) to copy filtered resources, i.e. build is platform dependent!
2022-07-31 14:32:56,422 [Worker-540: Building] INFO  o.e.m.c.i.embedder.EclipseLogger - Copying 0 resource
2022-07-31 14:33:35,680 [Worker-543: Building] WARN  o.e.m.c.i.embedder.EclipseLogger - Using platform encoding (Cp1252 actually) to copy filtered resources, i.e. build is platform dependent!
2022-07-31 14:33:35,681 [Worker-543: Building] INFO  o.e.m.c.i.embedder.EclipseLogger - Copying 1 resource
2022-07-31 14:33:35,683 [Worker-543: Building] WARN  o.e.m.c.i.embedder.EclipseLogger - Using platform encoding (Cp1252 actually) to copy filtered resources, i.e. build is platform dependent!
2022-07-31 14:33:35,684 [Worker-543: Building] INFO  o.e.m.c.i.embedder.EclipseLogger - Copying 0 resource
2022-07-31 14:36:43,022 [Worker-538: Building] WARN  o.e.m.c.i.embedder.EclipseLogger - Using platform encoding (Cp1252 actually) to copy filtered resources, i.e. build is platform dependent!
2022-07-31 14:36:43,024 [Worker-538: Building] INFO  o.e.m.c.i.embedder.EclipseLogger - Copying 1 resource
2022-07-31 14:36:43,025 [Worker-538: Building] WARN  o.e.m.c.i.embedder.EclipseLogger - Using platform encoding (Cp1252 actually) to copy filtered resources, i.e. build is platform dependent!
2022-07-31 14:36:43,025 [Worker-538: Building] INFO  o.e.m.c.i.embedder.EclipseLogger - Copying 0 resource
2022-07-31 15:14:07,463 [Worker-552: Building] WARN  o.e.m.c.i.embedder.EclipseLogger - Using platform encoding (Cp1252 actually) to copy filtered resources, i.e. build is platform dependent!
2022-07-31 15:14:07,465 [Worker-552: Building] INFO  o.e.m.c.i.embedder.EclipseLogger - Copying 1 resource
2022-07-31 15:14:07,467 [Worker-552: Building] WARN  o.e.m.c.i.embedder.EclipseLogger - Using platform encoding (Cp1252 actually) to copy filtered resources, i.e. build is platform dependent!
2022-07-31 15:14:07,468 [Worker-552: Building] INFO  o.e.m.c.i.embedder.EclipseLogger - Copying 0 resource
2022-07-31 15:14:45,026 [Worker-553: Building] WARN  o.e.m.c.i.embedder.EclipseLogger - Using platform encoding (Cp1252 actually) to copy filtered resources, i.e. build is platform dependent!
2022-07-31 15:14:45,028 [Worker-553: Building] INFO  o.e.m.c.i.embedder.EclipseLogger - Copying 1 resource
2022-07-31 15:14:45,029 [Worker-553: Building] WARN  o.e.m.c.i.embedder.EclipseLogger - Using platform encoding (Cp1252 actually) to copy filtered resources, i.e. build is platform dependent!
2022-07-31 15:14:45,030 [Worker-553: Building] INFO  o.e.m.c.i.embedder.EclipseLogger - Copying 0 resource
2022-07-31 15:15:34,683 [Worker-548: Launching EmployeeManagerImpl] WARN  o.e.m.c.i.embedder.EclipseLogger - Using platform encoding (Cp1252 actually) to copy filtered resources, i.e. build is platform dependent!
2022-07-31 15:15:34,685 [Worker-548: Launching EmployeeManagerImpl] INFO  o.e.m.c.i.embedder.EclipseLogger - Copying 1 resource
2022-07-31 15:15:34,687 [Worker-548: Launching EmployeeManagerImpl] WARN  o.e.m.c.i.embedder.EclipseLogger - Using platform encoding (Cp1252 actually) to copy filtered resources, i.e. build is platform dependent!
2022-07-31 15:15:34,688 [Worker-548: Launching EmployeeManagerImpl] INFO  o.e.m.c.i.embedder.EclipseLogger - Copying 0 resource
2022-07-31 15:24:06,118 [Worker-556: Building] WARN  o.e.m.c.i.embedder.EclipseLogger - Using platform encoding (Cp1252 actually) to copy filtered resources, i.e. build is platform dependent!
2022-07-31 15:24:06,119 [Worker-556: Building] INFO  o.e.m.c.i.embedder.EclipseLogger - Copying 1 resource
2022-07-31 15:24:06,120 [Worker-556: Building] WARN  o.e.m.c.i.embedder.EclipseLogger - Using platform encoding (Cp1252 actually) to copy filtered resources, i.e. build is platform dependent!
2022-07-31 15:24:06,121 [Worker-556: Building] INFO  o.e.m.c.i.embedder.EclipseLogger - Copying 0 resource
2022-07-31 15:31:26,234 [Worker-557: Building] WARN  o.e.m.c.i.embedder.EclipseLogger - Using platform encoding (Cp1252 actually) to copy filtered resources, i.e. build is platform dependent!
2022-07-31 15:31:26,235 [Worker-557: Building] INFO  o.e.m.c.i.embedder.EclipseLogger - Copying 1 resource
2022-07-31 15:31:26,236 [Worker-557: Building] WARN  o.e.m.c.i.embedder.EclipseLogger - Using platform encoding (Cp1252 actually) to copy filtered resources, i.e. build is platform dependent!
2022-07-31 15:31:26,237 [Worker-557: Building] INFO  o.e.m.c.i.embedder.EclipseLogger - Copying 0 resource
2022-07-31 15:37:38,962 [Worker-559: Building] WARN  o.e.m.c.i.embedder.EclipseLogger - Using platform encoding (Cp1252 actually) to copy filtered resources, i.e. build is platform dependent!
2022-07-31 15:37:38,964 [Worker-559: Building] INFO  o.e.m.c.i.embedder.EclipseLogger - Copying 1 resource
2022-07-31 15:37:38,965 [Worker-559: Building] WARN  o.e.m.c.i.embedder.EclipseLogger - Using platform encoding (Cp1252 actually) to copy filtered resources, i.e. build is platform dependent!
2022-07-31 15:37:38,966 [Worker-559: Building] INFO  o.e.m.c.i.embedder.EclipseLogger - Copying 0 resource
2022-07-31 15:40:05,821 [Worker-559: Building] WARN  o.e.m.c.i.embedder.EclipseLogger - Using platform encoding (Cp1252 actually) to copy filtered resources, i.e. build is platform dependent!
2022-07-31 15:40:05,822 [Worker-559: Building] INFO  o.e.m.c.i.embedder.EclipseLogger - Copying 1 resource
2022-07-31 15:40:05,823 [Worker-559: Building] WARN  o.e.m.c.i.embedder.EclipseLogger - Using platform encoding (Cp1252 actually) to copy filtered resources, i.e. build is platform dependent!
2022-07-31 15:40:05,824 [Worker-559: Building] INFO  o.e.m.c.i.embedder.EclipseLogger - Copying 0 resource
2022-07-31 15:40:28,702 [Worker-562: Building] WARN  o.e.m.c.i.embedder.EclipseLogger - Using platform encoding (Cp1252 actually) to copy filtered resources, i.e. build is platform dependent!
2022-07-31 15:40:28,703 [Worker-562: Building] INFO  o.e.m.c.i.embedder.EclipseLogger - Copying 1 resource
2022-07-31 15:40:28,706 [Worker-562: Building] WARN  o.e.m.c.i.embedder.EclipseLogger - Using platform encoding (Cp1252 actually) to copy filtered resources, i.e. build is platform dependent!
2022-07-31 15:40:28,706 [Worker-562: Building] INFO  o.e.m.c.i.embedder.EclipseLogger - Copying 0 resource
2022-07-31 15:52:44,934 [Worker-565: Building] WARN  o.e.m.c.i.embedder.EclipseLogger - Using platform encoding (Cp1252 actually) to copy filtered resources, i.e. build is platform dependent!
2022-07-31 15:52:44,936 [Worker-565: Building] INFO  o.e.m.c.i.embedder.EclipseLogger - Copying 1 resource
2022-07-31 15:52:44,937 [Worker-565: Building] WARN  o.e.m.c.i.embedder.EclipseLogger - Using platform encoding (Cp1252 actually) to copy filtered resources, i.e. build is platform dependent!
2022-07-31 15:52:44,938 [Worker-565: Building] INFO  o.e.m.c.i.embedder.EclipseLogger - Copying 0 resource
2022-07-31 15:56:23,755 [Worker-563: Building] WARN  o.e.m.c.i.embedder.EclipseLogger - Using platform encoding (Cp1252 actually) to copy filtered resources, i.e. build is platform dependent!
2022-07-31 15:56:23,756 [Worker-563: Building] INFO  o.e.m.c.i.embedder.EclipseLogger - Copying 1 resource
2022-07-31 15:56:23,758 [Worker-563: Building] WARN  o.e.m.c.i.embedder.EclipseLogger - Using platform encoding (Cp1252 actually) to copy filtered resources, i.e. build is platform dependent!
2022-07-31 15:56:23,759 [Worker-563: Building] INFO  o.e.m.c.i.embedder.EclipseLogger - Copying 0 resource
2022-07-31 15:56:35,283 [Worker-570: Building] WARN  o.e.m.c.i.embedder.EclipseLogger - Using platform encoding (Cp1252 actually) to copy filtered resources, i.e. build is platform dependent!
2022-07-31 15:56:35,284 [Worker-570: Building] INFO  o.e.m.c.i.embedder.EclipseLogger - Copying 1 resource
2022-07-31 15:56:35,286 [Worker-570: Building] WARN  o.e.m.c.i.embedder.EclipseLogger - Using platform encoding (Cp1252 actually) to copy filtered resources, i.e. build is platform dependent!
2022-07-31 15:56:35,286 [Worker-570: Building] INFO  o.e.m.c.i.embedder.EclipseLogger - Copying 0 resource
2022-07-31 15:56:49,761 [Worker-569: Building] WARN  o.e.m.c.i.embedder.EclipseLogger - Using platform encoding (Cp1252 actually) to copy filtered resources, i.e. build is platform dependent!
2022-07-31 15:56:49,779 [Worker-569: Building] INFO  o.e.m.c.i.embedder.EclipseLogger - Copying 1 resource
2022-07-31 15:56:49,782 [Worker-569: Building] WARN  o.e.m.c.i.embedder.EclipseLogger - Using platform encoding (Cp1252 actually) to copy filtered resources, i.e. build is platform dependent!
2022-07-31 15:56:49,783 [Worker-569: Building] INFO  o.e.m.c.i.embedder.EclipseLogger - Copying 0 resource
2022-07-31 15:57:22,069 [Worker-563: Building] WARN  o.e.m.c.i.embedder.EclipseLogger - Using platform encoding (Cp1252 actually) to copy filtered resources, i.e. build is platform dependent!
2022-07-31 15:57:22,070 [Worker-563: Building] INFO  o.e.m.c.i.embedder.EclipseLogger - Copying 1 resource
2022-07-31 15:57:22,071 [Worker-563: Building] WARN  o.e.m.c.i.embedder.EclipseLogger - Using platform encoding (Cp1252 actually) to copy filtered resources, i.e. build is platform dependent!
